Parameters: /home/richel/sim_data_1_richel_issue_106/ /home/richel/sim_data_1_richel_issue_106_ae/ richel_issue_106
Number of parameters: 3
Starting time: 2022-03-14T12:35:34+0100
Running on computer with HOSTNAME: r92
Running at location /home/richel
Correct number of arguments: 3
/var/spool/slurmd/job25342292/slurm_script: line 42: 11_train_filename=11_train_richel_issue_106.log: command not found
/var/spool/slurmd/job25342292/slurm_script: line 43: 11_train_filename_backup=11_train_richel_issue_106.bak: command not found
datadir: /home/richel/sim_data_1_richel_issue_106/
trainedmodeldir: /home/richel/sim_data_1_richel_issue_106_ae/
unique_id: richel_issue_106
zip_filename: richel_issue_106.zip
/var/spool/slurmd/job25342292/slurm_script: line 50: 11_train_filename: ${11_train_filename}: bad substitution
/var/spool/slurmd/job25342292/slurm_script: line 51: 11_train_filename_backup: ${11_train_filename_backup}: bad substitution
log_filenames: 10_create_richel_issue_106.log
11_train_richel_issue_106.log
12_project_richel_issue_106.log
13_plot_richel_issue_106.log
14_animate_richel_issue_106.log
15_evaluate_richel_issue_106.log
16_analyse_richel_issue_106.log
17_zip_richel_issue_106.log
'11_train_[unique_id].log' is big, only use the start and end of it
cp: cannot stat ‘/home/richel/sim_data_1_richel_issue_106/1_train_filename’: No such file or directory
head: cannot open ‘/home/richel/sim_data_1_richel_issue_106/1_train_filename_backup’ for reading: No such file or directory
tail: cannot open ‘/home/richel/sim_data_1_richel_issue_106/1_train_filename_backup’ for reading: No such file or directory
rm: cannot remove ‘/home/richel/sim_data_1_richel_issue_106/1_train_filename_backup’: No such file or directory
  adding: 10_create_richel_issue_106.log (deflated 68%)
  adding: 11_train_richel_issue_106.log (deflated 72%)
  adding: 12_project_richel_issue_106.log (deflated 62%)
  adding: 13_plot_richel_issue_106.log (deflated 60%)
  adding: 14_animate_richel_issue_106.log (deflated 19%)
  adding: 15_evaluate_richel_issue_106.log (deflated 60%)
  adding: 16_analyse_richel_issue_106.log (deflated 64%)
  adding: 17_zip_richel_issue_106.log