base_input_filename: 
n_individuals: 
n_traits: 
n_snps_per_trait: 
singularity_filename: 
Starting time: 2022-07-05T10:27:01+0200
Running on computer with HOSTNAME: r1224
Running at location /home/richel
'nsphs_ml_qt.sif' running with arguments 'Rscript nsphs_ml_qt/scripts_local/issue_61/issue_61.R'
1 2022-07-05 10:27:11
2 2022-07-05 10:32:09
3 2022-07-05 10:36:37
4 2022-07-05 10:41:04
5 2022-07-05 10:45:31
6 2022-07-05 10:49:57
7 2022-07-05 10:54:22
8 2022-07-05 10:58:49
9 2022-07-05 11:03:15
10 2022-07-05 11:07:40
11 2022-07-05 11:12:03
12 2022-07-05 11:16:29
13 2022-07-05 11:20:52
14 2022-07-05 11:25:13
15 2022-07-05 11:29:27
16 2022-07-05 11:33:46
17 2022-07-05 11:38:00
18 2022-07-05 11:42:14
19 2022-07-05 11:46:30
20 2022-07-05 11:50:45
21 2022-07-05 11:55:01
geom_path: Each group consists of only one observation. Do you need to adjust
the group aesthetic?
geom_path: Each group consists of only one observation. Do you need to adjust
the group aesthetic?
Warning message:
In grSoftVersion() :
  unable to load shared object '/usr/local/lib/R/modules//R_X11.so':
  libXt.so.6: cannot open shared object file: No such file or directory
End time: 2022-07-05T11:59:30+0200
Duration: 5549 seconds
